JvmtiExport can_access_local_variables 0
JvmtiExport can_hotswap_or_post_breakpoint 0
JvmtiExport can_post_on_exceptions 0
# 182 ciObject found
ciMethod java/lang/Object <init> ()V 1024 0 2679858 0 -1
ciMethod java/util/AbstractMap <init> ()V 522 0 68407 0 -1
ciMethod java/util/List iterator ()Ljava/util/Iterator; 0 0 1 0 -1
ciMethod java/util/AbstractCollection <init> ()V 654 0 242404 0 -1
ciMethod java/util/AbstractCollection addAll (Ljava/util/Collection;)Z 4114 82100 2825 0 -1
ciMethod java/util/Iterator hasNext ()Z 0 0 1 0 -1
ciMethod java/util/Iterator next ()Ljava/lang/Object; 0 0 1 0 -1
ciMethod java/util/Set contains (Ljava/lang/Object;)Z 0 0 1 0 -1
ciMethod java/util/Set iterator ()Ljava/util/Iterator; 0 0 1 0 -1
ciMethod java/util/Set remove (Ljava/lang/Object;)Z 0 0 1 0 -1
ciMethod java/util/Set addAll (Ljava/util/Collection;)Z 0 0 1 0 -1
ciMethod java/util/HashMap <init> ()V 514 0 38873 0 -1
ciMethod java/util/AbstractSet <init> ()V 656 0 70009 0 -1
ciMethodData java/lang/Object <init> ()V 2 2679867 orig 80 1 0 0 0 0 0 0 0 0 0 0 0 128 80 185 10 0 0 0 0 0 0 0 0 0 0 0 0 0 0 0 0 0 0 0 0 0 0 0 0 0 0 0 0 0 0 0 0 0 0 0 0 0 0 0 0 0 0 0 0 0 0 0 0 0 0 0 0 0 0 0 0 0 0 0 0 0 0 0 0 data 4 0x0 0x9 0x1 0x0 oops 0 methods 0
ciMethod java/util/HashSet <init> ()V 572 0 17095 0 -1
ciMethodData java/util/AbstractCollection <init> ()V 2 242408 orig 80 0 0 0 0 0 0 0 0 0 0 0 0 128 80 185 10 0 0 0 0 0 0 0 0 0 0 0 0 0 0 0 0 0 0 0 0 0 0 0 0 0 0 0 0 0 0 0 0 0 0 0 0 0 0 0 0 0 0 0 0 0 0 0 0 0 0 0 0 0 0 0 0 0 0 0 0 0 0 0 0 data 7 0x10002 0x3b1a1 0x0 0x0 0x9 0x1 0x0 oops 0 methods 0
ciMethodData java/util/AbstractSet <init> ()V 2 70009 orig 80 0 0 0 0 0 0 0 0 0 0 0 0 128 80 185 10 0 0 0 0 0 0 0 0 0 0 0 0 0 0 0 0 0 0 0 0 0 0 0 0 0 0 0 0 0 0 0 0 0 0 0 0 0 0 0 0 0 0 0 0 0 0 0 0 0 0 0 0 0 0 0 0 0 0 0 0 0 0 0 0 data 7 0x10002 0x11031 0x0 0x0 0x9 0x1 0x0 oops 0 methods 0
ciMethodData java/util/AbstractMap <init> ()V 2 68407 orig 80 0 0 0 0 0 0 0 0 0 0 0 0 128 80 185 10 0 0 0 0 0 0 0 0 0 0 0 0 0 0 0 0 0 0 0 0 0 0 0 0 0 0 0 0 0 0 0 0 0 0 0 0 0 0 0 0 0 0 0 0 0 0 0 0 0 0 0 0 0 0 0 0 0 0 0 0 0 0 0 0 data 7 0x10002 0x10a32 0x0 0x0 0x9 0x1 0x0 oops 0 methods 0
ciMethodData java/util/HashMap <init> ()V 2 38873 orig 80 0 0 0 0 0 0 0 0 0 0 0 0 128 80 185 10 0 0 0 0 0 0 0 0 0 0 0 0 0 0 0 0 0 0 0 0 0 0 0 0 0 0 0 0 0 0 0 0 0 0 0 0 0 0 0 0 0 0 0 0 0 0 0 0 0 0 0 0 0 0 0 0 0 0 0 0 0 0 0 0 data 9 0x10002 0x96d8 0x0 0x0 0x0 0x0 0x9 0x1 0x10 oops 0 methods 0
ciMethodData java/util/HashSet <init> ()V 2 17095 orig 80 0 0 0 0 0 0 0 0 0 0 0 0 128 80 185 10 0 0 0 0 0 0 0 0 0 0 0 0 0 0 0 0 0 0 0 0 0 0 0 0 0 0 0 0 0 0 0 0 0 0 0 0 0 0 0 0 0 0 0 0 0 0 0 0 0 0 0 0 0 0 0 0 0 0 0 0 0 0 0 0 data 11 0x10002 0x41a9 0x90002 0x41a9 0x0 0x0 0x0 0x0 0x9 0x1 0x0 oops 0 methods 0
ciMethod com/google/common/collect/Sets newHashSet ()Ljava/util/HashSet; 772 0 4916 0 -1
ciMethod org/gradle/api/internal/artifacts/ivyservice/resolveengine/graph/builder/NodeState collectOwnStrictVersions ()V 0 0 1 0 -1
ciMethod org/gradle/api/internal/artifacts/ivyservice/resolveengine/graph/builder/NodeState getEndorsedStrictVersions (Lorg/gradle/api/internal/artifacts/ivyservice/resolveengine/graph/builder/EdgeState;)Lorg/gradle/api/internal/artifacts/ivyservice/resolveengine/strict/StrictVersionConstraints; 770 0 385 0 -1
ciMethod org/gradle/api/internal/artifacts/ivyservice/resolveengine/graph/builder/EdgeState getFrom ()Lorg/gradle/api/internal/artifacts/ivyservice/resolveengine/graph/builder/NodeState; 312 0 156 0 -1
ciMethod org/gradle/api/internal/artifacts/ivyservice/resolveengine/graph/builder/EdgeState getTargetComponent ()Lorg/gradle/api/internal/artifacts/ivyservice/resolveengine/graph/builder/ComponentState; 2730 0 1817 0 -1
ciMethod org/gradle/api/internal/artifacts/ivyservice/resolveengine/graph/builder/EdgeState getSelectedComponent ()Lorg/gradle/api/internal/artifacts/ivyservice/resolveengine/graph/builder/ComponentState; 768 0 3768 0 -1
ciMethod org/gradle/api/internal/artifacts/ivyservice/resolveengine/graph/builder/ModuleResolveState getSelected ()Lorg/gradle/api/internal/artifacts/ivyservice/resolveengine/graph/builder/ComponentState; 264 0 132 0 -1
ciMethod org/gradle/api/internal/artifacts/ivyservice/resolveengine/graph/builder/ComponentState getNodes ()Ljava/util/List; 478 0 239 0 -1
ciMethod org/gradle/api/internal/artifacts/ivyservice/resolveengine/strict/StrictVersionConstraints of (Ljava/util/Set;)Lorg/gradle/api/internal/artifacts/ivyservice/resolveengine/strict/StrictVersionConstraints; 4 0 2 0 -1
ciMethod org/gradle/api/internal/artifacts/ivyservice/resolveengine/strict/StrictVersionConstraints getModules ()Ljava/util/Set; 0 0 1 0 -1
ciMethod org/gradle/api/internal/artifacts/ivyservice/resolveengine/strict/StrictVersionConstraints isEmpty ()Z 0 0 1 0 -1
ciMethod org/gradle/api/internal/artifacts/ivyservice/resolveengine/graph/builder/SelectorState getTargetModule ()Lorg/gradle/api/internal/artifacts/ivyservice/resolveengine/graph/builder/ModuleResolveState; 260 0 130 0 -1
ciMethod org/gradle/api/internal/artifacts/ivyservice/resolveengine/graph/builder/SelectorState getFailure ()Lorg/gradle/internal/resolve/ModuleVersionResolveException; 554 0 277 0 -1
ciMethod org/gradle/api/internal/artifacts/ivyservice/resolveengine/graph/builder/SelectorState isResolved ()Z 268 0 134 0 -1
ciMethodData com/google/common/collect/Sets newHashSet ()Ljava/util/HashSet; 2 4916 orig 80 0 0 0 0 0 0 0 0 0 0 0 0 128 80 185 10 0 0 0 0 0 0 0 0 0 0 0 0 0 0 0 0 0 0 0 0 0 0 0 0 0 0 0 0 0 0 0 0 0 0 0 0 0 0 0 0 0 0 0 0 0 0 0 0 0 0 0 0 0 0 0 0 0 0 0 0 0 0 0 0 data 6 0x40002 0x11b2 0x0 0x0 0x9 0x0 oops 0 methods 0
ciMethodData org/gradle/api/internal/artifacts/ivyservice/resolveengine/graph/builder/EdgeState getSelectedComponent ()Lorg/gradle/api/internal/artifacts/ivyservice/resolveengine/graph/builder/ComponentState; 2 3768 orig 80 0 0 0 0 0 0 0 0 0 0 0 0 128 80 185 10 0 0 0 0 0 0 0 0 0 0 0 0 0 0 0 0 0 0 0 0 0 0 0 0 0 0 0 0 0 0 0 0 0 0 0 0 0 0 0 0 0 0 0 0 0 0 0 0 0 0 0 0 0 0 0 0 0 0 0 0 0 0 0 0 data 23 0x40005 0x0 0x0 0x7f9619d2f170 0xd38 0x0 0x0 0x70005 0x0 0x0 0x7f9619d30e60 0xd38 0x0 0x0 0x0 0x0 0x0 0x0 0x0 0x0 0x9 0x1 0x0 oops 2 3 org/gradle/api/internal/artifacts/ivyservice/resolveengine/graph/builder/SelectorState 10 org/gradle/api/internal/artifacts/ivyservice/resolveengine/graph/builder/ModuleResolveState methods 0
ciMethodData org/gradle/api/internal/artifacts/ivyservice/resolveengine/graph/builder/EdgeState getTargetComponent ()Lorg/gradle/api/internal/artifacts/ivyservice/resolveengine/graph/builder/ComponentState; 1 1817 orig 80 0 0 0 0 0 0 0 0 0 0 0 0 128 80 185 10 0 0 0 0 0 0 0 0 0 0 0 0 0 0 0 0 0 0 0 0 0 0 0 0 0 0 0 0 0 0 0 0 0 0 0 0 0 0 0 0 0 0 0 0 0 0 0 0 0 0 0 0 0 0 0 0 0 0 0 0 0 0 0 0 data 33 0x40005 0x0 0x0 0x7f9619d2f170 0x1c4 0x0 0x0 0x70007 0x0 0x78 0x1c4 0xe0005 0x0 0x0 0x7f9619d2f170 0x1c4 0x0 0x0 0x110007 0x1c4 0x20 0x0 0x170002 0x1c4 0x0 0x0 0x0 0x0 0x0 0x0 0x9 0x1 0x0 oops 2 3 org/gradle/api/internal/artifacts/ivyservice/resolveengine/graph/builder/SelectorState 14 org/gradle/api/internal/artifacts/ivyservice/resolveengine/graph/builder/SelectorState methods 0
